[2025-05-25T21:35:57.962Z] INFO: 🤖 Bot online como 6darlin9.bot#9184
[2025-05-25T21:35:58.011Z] INFO: 🔗 Conectado a 5 servidor(es)
[2025-05-25T21:37:14.721Z] INFO: Nova sugestão de 6darlin9 (ID: 1376313196759220275)
[2025-05-25T21:37:21.344Z] INFO: Sugestão aprovada por 6darlin9 (ID: 1376313196759220275)
[2025-05-25T21:39:07.272Z] INFO: Nova sugestão de 6darlin9 (ID: 1376313668027027606)
[2025-05-25T21:39:13.494Z] INFO: Sugestão aprovada por 6darlin9 (ID: 1376313668027027606)
[2025-05-25T21:40:44.128Z] INFO: Nova sugestão de 6darlin9 (ID: 1376314074392170756)
[2025-05-25T21:40:47.819Z] INFO: Sugestão aprovada por 6darlin9 (ID: 1376314074392170756)
[2025-05-25T21:42:05.370Z] INFO: Nova sugestão de 6darlin9 (ID: 1376314415795798067)
[2025-05-25T21:42:15.393Z] INFO: Sugestão aprovada por 6darlin9 (ID: 1376314415795798067)
[2025-05-25T21:43:02.274Z] INFO: Nova sugestão de 6darlin9 (ID: 1376314653269032990)
[2025-05-25T21:43:06.069Z] INFO: Sugestão aprovada por 6darlin9 (ID: 1376314653269032990)
[2025-05-25T21:43:33.311Z] INFO: Nova sugestão de 6darlin9 (ID: 1376314784873709618)
[2025-05-25T21:43:36.645Z] INFO: Sugestão reprovada por 6darlin9 (ID: 1376314784873709618)
[2025-05-25T22:00:25.613Z] INFO: 🤖 Bot online como 6darlin9.bot#9184
[2025-05-25T22:00:25.614Z] INFO: 🔗 Conectado a 5 servidor(es)
[2025-05-25T22:01:16.652Z] INFO: Nova sugestão de 6darlin9 (ID: 1376319244794466445)
[2025-05-25T22:01:20.775Z] INFO: DM de aprovação enviada para 6darlin9
[2025-05-25T22:01:21.038Z] INFO: Sugestão aprovada por 6darlin9 (ID: 1376319244794466445)
[2025-05-25T22:07:57.174Z] INFO: 🤖 Bot online como 6darlin9.bot#9184
[2025-05-25T22:07:57.176Z] INFO: 🔗 Conectado a 5 servidor(es)
[2025-05-25T22:08:24.130Z] INFO: Nova sugestão de 6darlin9 (ID: 1376321036861050972)
[2025-05-25T22:08:42.313Z] INFO: DM de aprovação enviada para 6darlin9
[2025-05-25T22:08:42.531Z] ERROR: Erro ao processar aprovação/reprovação: Unknown interaction
[2025-05-25T22:14:30.418Z] INFO: 🤖 Bot online como 6darlin9.bot#9184
[2025-05-25T22:14:30.419Z] INFO: 🔗 Conectado a 5 servidor(es)
[2025-05-25T22:15:40.798Z] INFO: Nova sugestão de 6darlin9 (ID: 1376322868370997261)
[2025-05-25T22:15:48.740Z] INFO: DM de aprovação enviada para 6darlin9
[2025-05-25T22:15:49.240Z] INFO: Sugestão aprovada por 6darlin9 (ID: 1376322868370997261)
[2025-05-25T22:16:09.818Z] INFO: Nova sugestão de 6darlin9 (ID: 1376322990484230235)
[2025-05-25T22:17:19.598Z] INFO: DM de aprovação enviada para 6darlin9
[2025-05-25T22:17:20.129Z] INFO: Sugestão aprovada por 6darlin9 (ID: 1376322990484230235)
[2025-05-25T22:17:32.704Z] INFO: Nova sugestão de 6darlin9 (ID: 1376323338757996574)
[2025-05-25T22:18:20.589Z] INFO: Nova sugestão de 6darlin9 (ID: 1376323538713182288)
[2025-05-25T22:18:53.935Z] INFO: DM de aprovação enviada para 6darlin9
[2025-05-25T22:18:54.603Z] INFO: Sugestão aprovada por 6darlin9 (ID: 1376323538713182288)
[2025-05-25T22:19:22.487Z] INFO: DM de aprovação enviada para 6darlin9
[2025-05-25T22:19:23.058Z] INFO: Sugestão aprovada por 6darlin9 (ID: 1376323338757996574)
